<?xml version="1.0" encoding="UTF-8"?>
<!-- Generated by org.testng.reporters.JUnitReportReporter -->
<testsuite hostname="DESKTOP-HSKD4UO" failures="0" tests="1" name="RunKallax" time="11.967" errors="0" timestamp="2024-12-29T18:45:36 CET" skipped="0">
  <testcase classname="RunKallax" name="runScenario" time="11.967"/>
  <system-out/>
</testsuite> <!-- RunKallax -->
