<?xml version="1.0" encoding="UTF-8"?>
<!-- Generated by org.testng.reporters.JUnitReportReporter -->
<testsuite hostname="DESKTOP-HSKD4UO" failures="0" tests="1" name="RunDressTest" time="11.339" errors="0" timestamp="2024-12-28T13:17:59 CET" skipped="0">
  <testcase classname="RunDressTest" name="runScenario" time="11.339"/>
  <system-out/>
</testsuite> <!-- RunDressTest -->
