<?xml version="1.0" encoding="UTF-8"?>
<!-- Generated by org.testng.reporters.JUnitReportReporter -->
<testsuite hostname="DESKTOP-HSKD4UO" failures="0" tests="1" name="RunKallaxBrillo" time="11.919" errors="0" timestamp="2024-12-29T14:08:36 CET" skipped="0">
  <testcase classname="RunKallaxBrillo" name="runScenario" time="11.919"/>
  <system-out/>
</testsuite> <!-- RunKallaxBrillo -->
