<?xml version="1.0" encoding="UTF-8"?>
<!-- Generated by org.testng.reporters.JUnitReportReporter -->
<testsuite hostname="DESKTOP-HSKD4UO" failures="0" tests="2" name="RunProdList" time="25.583" errors="0" timestamp="2024-12-30T19:33:56 CET" skipped="0">
  <testcase classname="RunProdList" name="runScenario" time="14.620"/>
  <system-out/>
  <testcase classname="RunProdList" name="runScenario" time="10.963"/>
  <system-out/>
</testsuite> <!-- RunProdList -->
